<?xml version="1.0" encoding="utf-8"?><testsuites name="pytest tests"><testsuite name="pytest" errors="0" failures="0" skipped="0" tests="16" time="12.046" timestamp="2026-06-30T08:19:48.655088+00:00" hostname="agent-env-36367cbc-09db-46e8-8427-258864b10118"><testcase classname="tests.backend_test" name="test_root_ok" time="0.268" /><testcase classname="tests.backend_test" name="test_admin_login_sets_cookies" time="0.359" /><testcase classname="tests.backend_test" name="test_login_wrong_password_returns_string_detail" time="0.328" /><testcase classname="tests.backend_test" name="test_login_invalid_payload_validation" time="0.116" /><testcase classname="tests.backend_test" name="test_me_authenticated" time="0.152" /><testcase classname="tests.backend_test" name="test_me_unauthenticated" time="0.144" /><testcase classname="tests.backend_test" name="test_register_and_duplicate" time="0.465" /><testcase classname="tests.backend_test" name="test_refresh_token_flow" time="0.367" /><testcase classname="tests.backend_test" name="test_logout_clears_session" time="0.544" /><testcase classname="tests.backend_test" name="test_prospects_crud" time="0.181" /><testcase classname="tests.backend_test" name="test_prospects_unauthenticated" time="0.129" /><testcase classname="tests.backend_test" name="test_prospects_delete_invalid_id" time="0.043" /><testcase classname="tests.backend_test" name="test_campaigns_crud" time="0.169" /><testcase classname="tests.backend_test" name="test_stats_overview" time="0.044" /><testcase classname="tests.backend_test" name="test_contact_submission" time="0.117" /><testcase classname="tests.backend_test" name="test_ai_generate_email" time="8.058" /></testsuite></testsuites>